2023-06-04 16:46:27 [background-preinit] INFO  o.h.validator.internal.util.Version - HV000001: Hibernate Validator 8.0.0.Final
2023-06-04 16:46:27 [main] INFO  c.m.demo.config.server.ConfigServer - Starting ConfigServer using Java 19.0.2 with PID 15508 (C:\Users\99890\Desktop\microservices-demo\config-server\target\classes started by 99890 in C:\Users\99890\Desktop\microservices-demo)
2023-06-04 16:46:27 [main] INFO  c.m.demo.config.server.ConfigServer - No active profile set, falling back to 1 default profile: "default"
2023-06-04 16:46:28 [main] INFO  o.s.cloud.context.scope.GenericScope - BeanFactory id=71ab9644-789b-396a-9179-546a833b6df0
2023-06-04 16:46:29 [main] INFO  o.s.b.w.e.tomcat.TomcatWebServer - Tomcat initialized with port(s): 8888 (http)
2023-06-04 16:46:29 [main] INFO  o.a.coyote.http11.Http11NioProtocol - Initializing ProtocolHandler ["http-nio-8888"]
2023-06-04 16:46:29 [main] INFO  o.a.catalina.core.StandardService - Starting service [Tomcat]
2023-06-04 16:46:29 [main] INFO  o.a.catalina.core.StandardEngine - Starting Servlet engine: [Apache Tomcat/10.1.8]
2023-06-04 16:46:29 [main] INFO  o.a.c.c.C.[Tomcat].[localhost].[/] - Initializing Spring embedded WebApplicationContext
2023-06-04 16:46:29 [main] INFO  o.s.b.w.s.c.ServletWebServerApplicationContext - Root WebApplicationContext: initialization completed in 1416 ms
2023-06-04 16:46:30 [main] WARN  o.s.b.w.s.c.AnnotationConfigServletWebServerApplicationContext - Exception encountered during context initialization - cancelling refresh attempt: org.springframework.beans.factory.BeanCreationException: Error creating bean with name 'defaultEnvironmentRepository' defined in class path resource [org/springframework/cloud/config/server/config/DefaultRepositoryConfiguration.class]: You need to configure a uri for the git repository.
2023-06-04 16:46:30 [main] INFO  o.a.catalina.core.StandardService - Stopping service [Tomcat]
2023-06-04 16:46:30 [main] INFO  o.s.b.a.l.ConditionEvaluationReportLogger - 

Error starting ApplicationContext. To display the condition evaluation report re-run your application with 'debug' enabled.
2023-06-04 16:46:30 [main] ERROR o.s.b.d.LoggingFailureAnalysisReporter - 

***************************
APPLICATION FAILED TO START
***************************

Description:

Invalid config server configuration.

Action:

If you are using the git profile, you need to set a Git URI in your configuration.  If you have set spring.cloud.config.server.bootstrap=true, you need to use a composite configuration.

2023-06-04 16:51:54 [background-preinit] INFO  o.h.validator.internal.util.Version - HV000001: Hibernate Validator 8.0.0.Final
2023-06-04 16:51:54 [main] INFO  c.m.demo.config.server.ConfigServer - Starting ConfigServer using Java 19.0.2 with PID 24096 (C:\Users\99890\Desktop\microservices-demo\config-server\target\classes started by 99890 in C:\Users\99890\Desktop\microservices-demo)
2023-06-04 16:51:54 [main] INFO  c.m.demo.config.server.ConfigServer - No active profile set, falling back to 1 default profile: "default"
2023-06-04 16:51:55 [main] INFO  o.s.cloud.context.scope.GenericScope - BeanFactory id=71ab9644-789b-396a-9179-546a833b6df0
2023-06-04 16:51:56 [main] INFO  o.s.b.w.e.tomcat.TomcatWebServer - Tomcat initialized with port(s): 8888 (http)
2023-06-04 16:51:56 [main] INFO  o.a.coyote.http11.Http11NioProtocol - Initializing ProtocolHandler ["http-nio-8888"]
2023-06-04 16:51:56 [main] INFO  o.a.catalina.core.StandardService - Starting service [Tomcat]
2023-06-04 16:51:56 [main] INFO  o.a.catalina.core.StandardEngine - Starting Servlet engine: [Apache Tomcat/10.1.8]
2023-06-04 16:51:56 [main] INFO  o.a.c.c.C.[Tomcat].[localhost].[/] - Initializing Spring embedded WebApplicationContext
2023-06-04 16:51:56 [main] INFO  o.s.b.w.s.c.ServletWebServerApplicationContext - Root WebApplicationContext: initialization completed in 1404 ms
2023-06-04 16:51:57 [main] WARN  o.s.b.w.s.c.AnnotationConfigServletWebServerApplicationContext - Exception encountered during context initialization - cancelling refresh attempt: org.springframework.beans.factory.BeanCreationException: Error creating bean with name 'defaultEnvironmentRepository' defined in class path resource [org/springframework/cloud/config/server/config/DefaultRepositoryConfiguration.class]: You need to configure a uri for the git repository.
2023-06-04 16:51:57 [main] INFO  o.a.catalina.core.StandardService - Stopping service [Tomcat]
2023-06-04 16:51:57 [main] INFO  o.s.b.a.l.ConditionEvaluationReportLogger - 

Error starting ApplicationContext. To display the condition evaluation report re-run your application with 'debug' enabled.
2023-06-04 16:51:57 [main] ERROR o.s.b.d.LoggingFailureAnalysisReporter - 

***************************
APPLICATION FAILED TO START
***************************

Description:

Invalid config server configuration.

Action:

If you are using the git profile, you need to set a Git URI in your configuration.  If you have set spring.cloud.config.server.bootstrap=true, you need to use a composite configuration.

2023-06-04 16:53:47 [background-preinit] INFO  o.h.validator.internal.util.Version - HV000001: Hibernate Validator 8.0.0.Final
2023-06-04 16:53:47 [main] INFO  c.m.demo.config.server.ConfigServer - Starting ConfigServer using Java 19.0.2 with PID 4696 (C:\Users\99890\Desktop\microservices-demo\config-server\target\classes started by 99890 in C:\Users\99890\Desktop\microservices-demo)
2023-06-04 16:53:47 [main] INFO  c.m.demo.config.server.ConfigServer - No active profile set, falling back to 1 default profile: "default"
2023-06-04 16:53:48 [main] INFO  o.s.cloud.context.scope.GenericScope - BeanFactory id=f58abe1c-cd03-3971-9c3d-3636e31dc926
2023-06-04 16:53:49 [main] INFO  o.s.b.w.e.tomcat.TomcatWebServer - Tomcat initialized with port(s): 8888 (http)
2023-06-04 16:53:49 [main] INFO  o.a.coyote.http11.Http11NioProtocol - Initializing ProtocolHandler ["http-nio-8888"]
2023-06-04 16:53:49 [main] INFO  o.a.catalina.core.StandardService - Starting service [Tomcat]
2023-06-04 16:53:49 [main] INFO  o.a.catalina.core.StandardEngine - Starting Servlet engine: [Apache Tomcat/10.1.8]
2023-06-04 16:53:49 [main] INFO  o.a.c.c.C.[Tomcat].[localhost].[/] - Initializing Spring embedded WebApplicationContext
2023-06-04 16:53:49 [main] INFO  o.s.b.w.s.c.ServletWebServerApplicationContext - Root WebApplicationContext: initialization completed in 1844 ms
2023-06-04 16:53:50 [main] INFO  o.s.b.a.e.web.EndpointLinksResolver - Exposing 1 endpoint(s) beneath base path '/actuator'
2023-06-04 16:53:50 [main] INFO  o.a.coyote.http11.Http11NioProtocol - Starting ProtocolHandler ["http-nio-8888"]
2023-06-04 16:53:50 [main] INFO  o.s.b.w.e.tomcat.TomcatWebServer - Tomcat started on port(s): 8888 (http) with context path ''
2023-06-04 16:53:50 [main] INFO  c.m.demo.config.server.ConfigServer - Started ConfigServer in 3.806 seconds (process running for 5.443)
2023-06-04 16:53:50 [RMI TCP Connection(2)-172.21.144.1] INFO  o.a.c.c.C.[Tomcat].[localhost].[/] - Initializing Spring DispatcherServlet 'dispatcherServlet'
2023-06-04 16:53:50 [RMI TCP Connection(2)-172.21.144.1] INFO  o.s.web.servlet.DispatcherServlet - Initializing Servlet 'dispatcherServlet'
2023-06-04 16:53:50 [RMI TCP Connection(2)-172.21.144.1] INFO  o.s.web.servlet.DispatcherServlet - Completed initialization in 1 ms
2023-06-04 17:02:47 [background-preinit] INFO  o.h.validator.internal.util.Version - HV000001: Hibernate Validator 8.0.0.Final
2023-06-04 17:02:47 [main] INFO  c.m.demo.config.server.ConfigServer - Starting ConfigServer using Java 19.0.2 with PID 14320 (C:\Users\99890\Desktop\microservices-demo\config-server\target\classes started by 99890 in C:\Users\99890\Desktop\microservices-demo)
2023-06-04 17:02:47 [main] INFO  c.m.demo.config.server.ConfigServer - No active profile set, falling back to 1 default profile: "default"
2023-06-04 17:02:48 [main] INFO  o.s.cloud.context.scope.GenericScope - BeanFactory id=f58abe1c-cd03-3971-9c3d-3636e31dc926
2023-06-04 17:02:48 [main] INFO  o.s.b.w.e.tomcat.TomcatWebServer - Tomcat initialized with port(s): 8888 (http)
2023-06-04 17:02:48 [main] INFO  o.a.coyote.http11.Http11NioProtocol - Initializing ProtocolHandler ["http-nio-8888"]
2023-06-04 17:02:48 [main] INFO  o.a.catalina.core.StandardService - Starting service [Tomcat]
2023-06-04 17:02:48 [main] INFO  o.a.catalina.core.StandardEngine - Starting Servlet engine: [Apache Tomcat/10.1.8]
2023-06-04 17:02:48 [main] INFO  o.a.c.c.C.[Tomcat].[localhost].[/] - Initializing Spring embedded WebApplicationContext
2023-06-04 17:02:48 [main] INFO  o.s.b.w.s.c.ServletWebServerApplicationContext - Root WebApplicationContext: initialization completed in 1529 ms
2023-06-04 17:02:49 [main] INFO  o.s.b.a.e.web.EndpointLinksResolver - Exposing 1 endpoint(s) beneath base path '/actuator'
2023-06-04 17:02:49 [main] INFO  o.a.coyote.http11.Http11NioProtocol - Starting ProtocolHandler ["http-nio-8888"]
2023-06-04 17:02:49 [main] INFO  o.s.b.w.e.tomcat.TomcatWebServer - Tomcat started on port(s): 8888 (http) with context path ''
2023-06-04 17:02:49 [main] INFO  c.m.demo.config.server.ConfigServer - Started ConfigServer in 3.558 seconds (process running for 4.739)
2023-06-04 17:02:50 [RMI TCP Connection(1)-172.21.144.1] INFO  o.a.c.c.C.[Tomcat].[localhost].[/] - Initializing Spring DispatcherServlet 'dispatcherServlet'
2023-06-04 17:02:50 [RMI TCP Connection(1)-172.21.144.1] INFO  o.s.web.servlet.DispatcherServlet - Initializing Servlet 'dispatcherServlet'
2023-06-04 17:02:50 [RMI TCP Connection(1)-172.21.144.1] INFO  o.s.web.servlet.DispatcherServlet - Completed initialization in 1 ms
2023-06-04 17:18:27 [background-preinit] INFO  o.h.validator.internal.util.Version - HV000001: Hibernate Validator 8.0.0.Final
2023-06-04 17:18:27 [main] INFO  c.m.demo.config.server.ConfigServer - Starting ConfigServer using Java 19.0.2 with PID 3344 (C:\Users\99890\Desktop\microservices-demo\config-server\target\classes started by 99890 in C:\Users\99890\Desktop\microservices-demo)
2023-06-04 17:18:27 [main] INFO  c.m.demo.config.server.ConfigServer - No active profile set, falling back to 1 default profile: "default"
2023-06-04 17:18:28 [main] INFO  o.s.cloud.context.scope.GenericScope - BeanFactory id=71ab9644-789b-396a-9179-546a833b6df0
2023-06-04 17:18:28 [main] INFO  o.s.b.w.e.tomcat.TomcatWebServer - Tomcat initialized with port(s): 8888 (http)
2023-06-04 17:18:29 [main] INFO  o.a.coyote.http11.Http11NioProtocol - Initializing ProtocolHandler ["http-nio-8888"]
2023-06-04 17:18:29 [main] INFO  o.a.catalina.core.StandardService - Starting service [Tomcat]
2023-06-04 17:18:29 [main] INFO  o.a.catalina.core.StandardEngine - Starting Servlet engine: [Apache Tomcat/10.1.8]
2023-06-04 17:18:29 [main] INFO  o.a.c.c.C.[Tomcat].[localhost].[/] - Initializing Spring embedded WebApplicationContext
2023-06-04 17:18:29 [main] INFO  o.s.b.w.s.c.ServletWebServerApplicationContext - Root WebApplicationContext: initialization completed in 1331 ms
2023-06-04 17:18:29 [main] WARN  o.s.b.w.s.c.AnnotationConfigServletWebServerApplicationContext - Exception encountered during context initialization - cancelling refresh attempt: org.springframework.beans.factory.BeanCreationException: Error creating bean with name 'defaultEnvironmentRepository' defined in class path resource [org/springframework/cloud/config/server/config/DefaultRepositoryConfiguration.class]: You need to configure a uri for the git repository.
2023-06-04 17:18:29 [main] INFO  o.a.catalina.core.StandardService - Stopping service [Tomcat]
2023-06-04 17:18:29 [main] INFO  o.s.b.a.l.ConditionEvaluationReportLogger - 

Error starting ApplicationContext. To display the condition evaluation report re-run your application with 'debug' enabled.
2023-06-04 17:18:29 [main] ERROR o.s.b.d.LoggingFailureAnalysisReporter - 

***************************
APPLICATION FAILED TO START
***************************

Description:

Invalid config server configuration.

Action:

If you are using the git profile, you need to set a Git URI in your configuration.  If you have set spring.cloud.config.server.bootstrap=true, you need to use a composite configuration.

2023-06-04 17:28:51 [main] ERROR o.s.boot.SpringApplication - Application run failed
java.lang.IllegalArgumentException: Unable to instantiate factory class [org.springframework.cloud.config.client.ConfigServerConfigDataLocationResolver] for factory type [org.springframework.boot.context.config.ConfigDataLocationResolver]
	at org.springframework.core.io.support.SpringFactoriesLoader$FailureHandler.lambda$throwing$0(SpringFactoriesLoader.java:651)
	at org.springframework.core.io.support.SpringFactoriesLoader$FailureHandler.lambda$handleMessage$3(SpringFactoriesLoader.java:675)
	at org.springframework.core.io.support.SpringFactoriesLoader.instantiateFactory(SpringFactoriesLoader.java:231)
	at org.springframework.core.io.support.SpringFactoriesLoader.load(SpringFactoriesLoader.java:206)
	at org.springframework.core.io.support.SpringFactoriesLoader.load(SpringFactoriesLoader.java:160)
	at org.springframework.boot.context.config.ConfigDataLocationResolvers.<init>(ConfigDataLocationResolvers.java:66)
	at org.springframework.boot.context.config.ConfigDataEnvironment.createConfigDataLocationResolvers(ConfigDataEnvironment.java:160)
	at org.springframework.boot.context.config.ConfigDataEnvironment.<init>(ConfigDataEnvironment.java:148)
	at org.springframework.boot.context.config.ConfigDataEnvironmentPostProcessor.getConfigDataEnvironment(ConfigDataEnvironmentPostProcessor.java:101)
	at org.springframework.boot.context.config.ConfigDataEnvironmentPostProcessor.postProcessEnvironment(ConfigDataEnvironmentPostProcessor.java:96)
	at org.springframework.boot.context.config.ConfigDataEnvironmentPostProcessor.postProcessEnvironment(ConfigDataEnvironmentPostProcessor.java:89)
	at org.springframework.boot.env.EnvironmentPostProcessorApplicationListener.onApplicationEnvironmentPreparedEvent(EnvironmentPostProcessorApplicationListener.java:109)
	at org.springframework.boot.env.EnvironmentPostProcessorApplicationListener.onApplicationEvent(EnvironmentPostProcessorApplicationListener.java:94)
	at org.springframework.context.event.SimpleApplicationEventMulticaster.doInvokeListener(SimpleApplicationEventMulticaster.java:172)
	at org.springframework.context.event.SimpleApplicationEventMulticaster.invokeListener(SimpleApplicationEventMulticaster.java:165)
	at org.springframework.context.event.SimpleApplicationEventMulticaster.multicastEvent(SimpleApplicationEventMulticaster.java:143)
	at org.springframework.context.event.SimpleApplicationEventMulticaster.multicastEvent(SimpleApplicationEventMulticaster.java:131)
	at org.springframework.boot.context.event.EventPublishingRunListener.multicastInitialEvent(EventPublishingRunListener.java:136)
	at org.springframework.boot.context.event.EventPublishingRunListener.environmentPrepared(EventPublishingRunListener.java:81)
	at org.springframework.boot.SpringApplicationRunListeners.lambda$environmentPrepared$2(SpringApplicationRunListeners.java:64)
	at java.base/java.lang.Iterable.forEach(Iterable.java:75)
	at org.springframework.boot.SpringApplicationRunListeners.doWithListeners(SpringApplicationRunListeners.java:118)
	at org.springframework.boot.SpringApplicationRunListeners.doWithListeners(SpringApplicationRunListeners.java:112)
	at org.springframework.boot.SpringApplicationRunListeners.environmentPrepared(SpringApplicationRunListeners.java:63)
	at org.springframework.boot.SpringApplication.prepareEnvironment(SpringApplication.java:354)
	at org.springframework.boot.SpringApplication.run(SpringApplication.java:305)
	at org.springframework.boot.SpringApplication.run(SpringApplication.java:1304)
	at org.springframework.boot.SpringApplication.run(SpringApplication.java:1293)
	at com.microservices.demo.config.server.ConfigServer.main(ConfigServer.java:11)
Caused by: java.lang.IllegalArgumentException: Log types cannot be injected, please use DeferredLogFactory
	at org.springframework.boot.context.config.ConfigDataLocationResolvers.lambda$new$0(ConfigDataLocationResolvers.java:64)
	at org.springframework.core.io.support.SpringFactoriesLoader$ArgumentResolver.lambda$ofSupplied$3(SpringFactoriesLoader.java:586)
	at org.springframework.core.io.support.SpringFactoriesLoader$ArgumentResolver$1.resolve(SpringFactoriesLoader.java:602)
	at org.springframework.core.io.support.SpringFactoriesLoader$ArgumentResolver.lambda$and$0(SpringFactoriesLoader.java:552)
	at org.springframework.core.io.support.SpringFactoriesLoader$ArgumentResolver$1.resolve(SpringFactoriesLoader.java:602)
	at java.base/java.util.stream.ReferencePipeline$3$1.accept(ReferencePipeline.java:197)
	at java.base/java.util.Spliterators$ArraySpliterator.forEachRemaining(Spliterators.java:1006)
	at java.base/java.util.stream.AbstractPipeline.copyInto(AbstractPipeline.java:509)
	at java.base/java.util.stream.AbstractPipeline.wrapAndCopyInto(AbstractPipeline.java:499)
	at java.base/java.util.stream.AbstractPipeline.evaluate(AbstractPipeline.java:575)
	at java.base/java.util.stream.AbstractPipeline.evaluateToArrayNode(AbstractPipeline.java:260)
	at java.base/java.util.stream.ReferencePipeline.toArray(ReferencePipeline.java:616)
	at java.base/java.util.stream.ReferencePipeline.toArray(ReferencePipeline.java:622)
	at org.springframework.core.io.support.SpringFactoriesLoader$FactoryInstantiator.resolveArgs(SpringFactoriesLoader.java:388)
	at org.springframework.core.io.support.SpringFactoriesLoader$FactoryInstantiator.instantiate(SpringFactoriesLoader.java:378)
	at org.springframework.core.io.support.SpringFactoriesLoader.instantiateFactory(SpringFactoriesLoader.java:228)
	... 26 common frames omitted
2023-06-04 17:29:41 [main] ERROR o.s.boot.SpringApplication - Application run failed
java.lang.IllegalArgumentException: Unable to instantiate factory class [org.springframework.cloud.config.client.ConfigServerConfigDataLocationResolver] for factory type [org.springframework.boot.context.config.ConfigDataLocationResolver]
	at org.springframework.core.io.support.SpringFactoriesLoader$FailureHandler.lambda$throwing$0(SpringFactoriesLoader.java:651)
	at org.springframework.core.io.support.SpringFactoriesLoader$FailureHandler.lambda$handleMessage$3(SpringFactoriesLoader.java:675)
	at org.springframework.core.io.support.SpringFactoriesLoader.instantiateFactory(SpringFactoriesLoader.java:231)
	at org.springframework.core.io.support.SpringFactoriesLoader.load(SpringFactoriesLoader.java:206)
	at org.springframework.core.io.support.SpringFactoriesLoader.load(SpringFactoriesLoader.java:160)
	at org.springframework.boot.context.config.ConfigDataLocationResolvers.<init>(ConfigDataLocationResolvers.java:66)
	at org.springframework.boot.context.config.ConfigDataEnvironment.createConfigDataLocationResolvers(ConfigDataEnvironment.java:160)
	at org.springframework.boot.context.config.ConfigDataEnvironment.<init>(ConfigDataEnvironment.java:148)
	at org.springframework.boot.context.config.ConfigDataEnvironmentPostProcessor.getConfigDataEnvironment(ConfigDataEnvironmentPostProcessor.java:101)
	at org.springframework.boot.context.config.ConfigDataEnvironmentPostProcessor.postProcessEnvironment(ConfigDataEnvironmentPostProcessor.java:96)
	at org.springframework.boot.context.config.ConfigDataEnvironmentPostProcessor.postProcessEnvironment(ConfigDataEnvironmentPostProcessor.java:89)
	at org.springframework.boot.env.EnvironmentPostProcessorApplicationListener.onApplicationEnvironmentPreparedEvent(EnvironmentPostProcessorApplicationListener.java:109)
	at org.springframework.boot.env.EnvironmentPostProcessorApplicationListener.onApplicationEvent(EnvironmentPostProcessorApplicationListener.java:94)
	at org.springframework.context.event.SimpleApplicationEventMulticaster.doInvokeListener(SimpleApplicationEventMulticaster.java:172)
	at org.springframework.context.event.SimpleApplicationEventMulticaster.invokeListener(SimpleApplicationEventMulticaster.java:165)
	at org.springframework.context.event.SimpleApplicationEventMulticaster.multicastEvent(SimpleApplicationEventMulticaster.java:143)
	at org.springframework.context.event.SimpleApplicationEventMulticaster.multicastEvent(SimpleApplicationEventMulticaster.java:131)
	at org.springframework.boot.context.event.EventPublishingRunListener.multicastInitialEvent(EventPublishingRunListener.java:136)
	at org.springframework.boot.context.event.EventPublishingRunListener.environmentPrepared(EventPublishingRunListener.java:81)
	at org.springframework.boot.SpringApplicationRunListeners.lambda$environmentPrepared$2(SpringApplicationRunListeners.java:64)
	at java.base/java.lang.Iterable.forEach(Iterable.java:75)
	at org.springframework.boot.SpringApplicationRunListeners.doWithListeners(SpringApplicationRunListeners.java:118)
	at org.springframework.boot.SpringApplicationRunListeners.doWithListeners(SpringApplicationRunListeners.java:112)
	at org.springframework.boot.SpringApplicationRunListeners.environmentPrepared(SpringApplicationRunListeners.java:63)
	at org.springframework.boot.SpringApplication.prepareEnvironment(SpringApplication.java:354)
	at org.springframework.boot.SpringApplication.run(SpringApplication.java:305)
	at org.springframework.boot.SpringApplication.run(SpringApplication.java:1304)
	at org.springframework.boot.SpringApplication.run(SpringApplication.java:1293)
	at com.microservices.demo.config.server.ConfigServer.main(ConfigServer.java:11)
Caused by: java.lang.IllegalArgumentException: Log types cannot be injected, please use DeferredLogFactory
	at org.springframework.boot.context.config.ConfigDataLocationResolvers.lambda$new$0(ConfigDataLocationResolvers.java:64)
	at org.springframework.core.io.support.SpringFactoriesLoader$ArgumentResolver.lambda$ofSupplied$3(SpringFactoriesLoader.java:586)
	at org.springframework.core.io.support.SpringFactoriesLoader$ArgumentResolver$1.resolve(SpringFactoriesLoader.java:602)
	at org.springframework.core.io.support.SpringFactoriesLoader$ArgumentResolver.lambda$and$0(SpringFactoriesLoader.java:552)
	at org.springframework.core.io.support.SpringFactoriesLoader$ArgumentResolver$1.resolve(SpringFactoriesLoader.java:602)
	at java.base/java.util.stream.ReferencePipeline$3$1.accept(ReferencePipeline.java:197)
	at java.base/java.util.Spliterators$ArraySpliterator.forEachRemaining(Spliterators.java:1006)
	at java.base/java.util.stream.AbstractPipeline.copyInto(AbstractPipeline.java:509)
	at java.base/java.util.stream.AbstractPipeline.wrapAndCopyInto(AbstractPipeline.java:499)
	at java.base/java.util.stream.AbstractPipeline.evaluate(AbstractPipeline.java:575)
	at java.base/java.util.stream.AbstractPipeline.evaluateToArrayNode(AbstractPipeline.java:260)
	at java.base/java.util.stream.ReferencePipeline.toArray(ReferencePipeline.java:616)
	at java.base/java.util.stream.ReferencePipeline.toArray(ReferencePipeline.java:622)
	at org.springframework.core.io.support.SpringFactoriesLoader$FactoryInstantiator.resolveArgs(SpringFactoriesLoader.java:388)
	at org.springframework.core.io.support.SpringFactoriesLoader$FactoryInstantiator.instantiate(SpringFactoriesLoader.java:378)
	at org.springframework.core.io.support.SpringFactoriesLoader.instantiateFactory(SpringFactoriesLoader.java:228)
	... 26 common frames omitted
2023-06-04 17:32:08 [background-preinit] INFO  o.h.validator.internal.util.Version - HV000001: Hibernate Validator 8.0.0.Final
2023-06-04 17:32:08 [main] INFO  c.m.demo.config.server.ConfigServer - Starting ConfigServer using Java 19.0.2 with PID 12952 (C:\Users\99890\Desktop\microservices-demo\config-server\target\classes started by 99890 in C:\Users\99890\Desktop\microservices-demo)
2023-06-04 17:32:08 [main] INFO  c.m.demo.config.server.ConfigServer - No active profile set, falling back to 1 default profile: "default"
2023-06-04 17:32:09 [main] INFO  o.s.cloud.context.scope.GenericScope - BeanFactory id=71ab9644-789b-396a-9179-546a833b6df0
2023-06-04 17:32:10 [main] INFO  o.s.b.w.e.tomcat.TomcatWebServer - Tomcat initialized with port(s): 8888 (http)
2023-06-04 17:32:10 [main] INFO  o.a.coyote.http11.Http11NioProtocol - Initializing ProtocolHandler ["http-nio-8888"]
2023-06-04 17:32:10 [main] INFO  o.a.catalina.core.StandardService - Starting service [Tomcat]
2023-06-04 17:32:10 [main] INFO  o.a.catalina.core.StandardEngine - Starting Servlet engine: [Apache Tomcat/10.1.8]
2023-06-04 17:32:10 [main] INFO  o.a.c.c.C.[Tomcat].[localhost].[/] - Initializing Spring embedded WebApplicationContext
2023-06-04 17:32:10 [main] INFO  o.s.b.w.s.c.ServletWebServerApplicationContext - Root WebApplicationContext: initialization completed in 1491 ms
2023-06-04 17:32:11 [main] WARN  o.s.b.w.s.c.AnnotationConfigServletWebServerApplicationContext - Exception encountered during context initialization - cancelling refresh attempt: org.springframework.beans.factory.BeanCreationException: Error creating bean with name 'defaultEnvironmentRepository' defined in class path resource [org/springframework/cloud/config/server/config/DefaultRepositoryConfiguration.class]: You need to configure a uri for the git repository.
2023-06-04 17:32:11 [main] INFO  o.a.catalina.core.StandardService - Stopping service [Tomcat]
2023-06-04 17:32:11 [main] INFO  o.s.b.a.l.ConditionEvaluationReportLogger - 

Error starting ApplicationContext. To display the condition evaluation report re-run your application with 'debug' enabled.
2023-06-04 17:32:11 [main] ERROR o.s.b.d.LoggingFailureAnalysisReporter - 

***************************
APPLICATION FAILED TO START
***************************

Description:

Invalid config server configuration.

Action:

If you are using the git profile, you need to set a Git URI in your configuration.  If you have set spring.cloud.config.server.bootstrap=true, you need to use a composite configuration.

2023-06-04 17:34:00 [main] ERROR o.s.boot.SpringApplication - Application run failed
java.lang.IllegalArgumentException: Unable to instantiate factory class [org.springframework.cloud.config.client.ConfigServerConfigDataLocationResolver] for factory type [org.springframework.boot.context.config.ConfigDataLocationResolver]
	at org.springframework.core.io.support.SpringFactoriesLoader$FailureHandler.lambda$throwing$0(SpringFactoriesLoader.java:651)
	at org.springframework.core.io.support.SpringFactoriesLoader$FailureHandler.lambda$handleMessage$3(SpringFactoriesLoader.java:675)
	at org.springframework.core.io.support.SpringFactoriesLoader.instantiateFactory(SpringFactoriesLoader.java:231)
	at org.springframework.core.io.support.SpringFactoriesLoader.load(SpringFactoriesLoader.java:206)
	at org.springframework.core.io.support.SpringFactoriesLoader.load(SpringFactoriesLoader.java:160)
	at org.springframework.boot.context.config.ConfigDataLocationResolvers.<init>(ConfigDataLocationResolvers.java:66)
	at org.springframework.boot.context.config.ConfigDataEnvironment.createConfigDataLocationResolvers(ConfigDataEnvironment.java:160)
	at org.springframework.boot.context.config.ConfigDataEnvironment.<init>(ConfigDataEnvironment.java:148)
	at org.springframework.boot.context.config.ConfigDataEnvironmentPostProcessor.getConfigDataEnvironment(ConfigDataEnvironmentPostProcessor.java:101)
	at org.springframework.boot.context.config.ConfigDataEnvironmentPostProcessor.postProcessEnvironment(ConfigDataEnvironmentPostProcessor.java:96)
	at org.springframework.boot.context.config.ConfigDataEnvironmentPostProcessor.postProcessEnvironment(ConfigDataEnvironmentPostProcessor.java:89)
	at org.springframework.boot.env.EnvironmentPostProcessorApplicationListener.onApplicationEnvironmentPreparedEvent(EnvironmentPostProcessorApplicationListener.java:109)
	at org.springframework.boot.env.EnvironmentPostProcessorApplicationListener.onApplicationEvent(EnvironmentPostProcessorApplicationListener.java:94)
	at org.springframework.context.event.SimpleApplicationEventMulticaster.doInvokeListener(SimpleApplicationEventMulticaster.java:172)
	at org.springframework.context.event.SimpleApplicationEventMulticaster.invokeListener(SimpleApplicationEventMulticaster.java:165)
	at org.springframework.context.event.SimpleApplicationEventMulticaster.multicastEvent(SimpleApplicationEventMulticaster.java:143)
	at org.springframework.context.event.SimpleApplicationEventMulticaster.multicastEvent(SimpleApplicationEventMulticaster.java:131)
	at org.springframework.boot.context.event.EventPublishingRunListener.multicastInitialEvent(EventPublishingRunListener.java:136)
	at org.springframework.boot.context.event.EventPublishingRunListener.environmentPrepared(EventPublishingRunListener.java:81)
	at org.springframework.boot.SpringApplicationRunListeners.lambda$environmentPrepared$2(SpringApplicationRunListeners.java:64)
	at java.base/java.lang.Iterable.forEach(Iterable.java:75)
	at org.springframework.boot.SpringApplicationRunListeners.doWithListeners(SpringApplicationRunListeners.java:118)
	at org.springframework.boot.SpringApplicationRunListeners.doWithListeners(SpringApplicationRunListeners.java:112)
	at org.springframework.boot.SpringApplicationRunListeners.environmentPrepared(SpringApplicationRunListeners.java:63)
	at org.springframework.boot.SpringApplication.prepareEnvironment(SpringApplication.java:354)
	at org.springframework.boot.SpringApplication.run(SpringApplication.java:305)
	at org.springframework.boot.SpringApplication.run(SpringApplication.java:1304)
	at org.springframework.boot.SpringApplication.run(SpringApplication.java:1293)
	at com.microservices.demo.config.server.ConfigServer.main(ConfigServer.java:11)
Caused by: java.lang.IllegalArgumentException: Log types cannot be injected, please use DeferredLogFactory
	at org.springframework.boot.context.config.ConfigDataLocationResolvers.lambda$new$0(ConfigDataLocationResolvers.java:64)
	at org.springframework.core.io.support.SpringFactoriesLoader$ArgumentResolver.lambda$ofSupplied$3(SpringFactoriesLoader.java:586)
	at org.springframework.core.io.support.SpringFactoriesLoader$ArgumentResolver$1.resolve(SpringFactoriesLoader.java:602)
	at org.springframework.core.io.support.SpringFactoriesLoader$ArgumentResolver.lambda$and$0(SpringFactoriesLoader.java:552)
	at org.springframework.core.io.support.SpringFactoriesLoader$ArgumentResolver$1.resolve(SpringFactoriesLoader.java:602)
	at java.base/java.util.stream.ReferencePipeline$3$1.accept(ReferencePipeline.java:197)
	at java.base/java.util.Spliterators$ArraySpliterator.forEachRemaining(Spliterators.java:1006)
	at java.base/java.util.stream.AbstractPipeline.copyInto(AbstractPipeline.java:509)
	at java.base/java.util.stream.AbstractPipeline.wrapAndCopyInto(AbstractPipeline.java:499)
	at java.base/java.util.stream.AbstractPipeline.evaluate(AbstractPipeline.java:575)
	at java.base/java.util.stream.AbstractPipeline.evaluateToArrayNode(AbstractPipeline.java:260)
	at java.base/java.util.stream.ReferencePipeline.toArray(ReferencePipeline.java:616)
	at java.base/java.util.stream.ReferencePipeline.toArray(ReferencePipeline.java:622)
	at org.springframework.core.io.support.SpringFactoriesLoader$FactoryInstantiator.resolveArgs(SpringFactoriesLoader.java:388)
	at org.springframework.core.io.support.SpringFactoriesLoader$FactoryInstantiator.instantiate(SpringFactoriesLoader.java:378)
	at org.springframework.core.io.support.SpringFactoriesLoader.instantiateFactory(SpringFactoriesLoader.java:228)
	... 26 common frames omitted
2023-06-04 19:23:24 [main] ERROR o.s.boot.SpringApplication - Application run failed
java.lang.IllegalArgumentException: Unable to instantiate factory class [org.springframework.cloud.config.client.ConfigServerConfigDataLocationResolver] for factory type [org.springframework.boot.context.config.ConfigDataLocationResolver]
	at org.springframework.core.io.support.SpringFactoriesLoader$FailureHandler.lambda$throwing$0(SpringFactoriesLoader.java:651)
	at org.springframework.core.io.support.SpringFactoriesLoader$FailureHandler.lambda$handleMessage$3(SpringFactoriesLoader.java:675)
	at org.springframework.core.io.support.SpringFactoriesLoader.instantiateFactory(SpringFactoriesLoader.java:231)
	at org.springframework.core.io.support.SpringFactoriesLoader.load(SpringFactoriesLoader.java:206)
	at org.springframework.core.io.support.SpringFactoriesLoader.load(SpringFactoriesLoader.java:160)
	at org.springframework.boot.context.config.ConfigDataLocationResolvers.<init>(ConfigDataLocationResolvers.java:66)
	at org.springframework.boot.context.config.ConfigDataEnvironment.createConfigDataLocationResolvers(ConfigDataEnvironment.java:160)
	at org.springframework.boot.context.config.ConfigDataEnvironment.<init>(ConfigDataEnvironment.java:148)
	at org.springframework.boot.context.config.ConfigDataEnvironmentPostProcessor.getConfigDataEnvironment(ConfigDataEnvironmentPostProcessor.java:101)
	at org.springframework.boot.context.config.ConfigDataEnvironmentPostProcessor.postProcessEnvironment(ConfigDataEnvironmentPostProcessor.java:96)
	at org.springframework.boot.context.config.ConfigDataEnvironmentPostProcessor.postProcessEnvironment(ConfigDataEnvironmentPostProcessor.java:89)
	at org.springframework.boot.env.EnvironmentPostProcessorApplicationListener.onApplicationEnvironmentPreparedEvent(EnvironmentPostProcessorApplicationListener.java:109)
	at org.springframework.boot.env.EnvironmentPostProcessorApplicationListener.onApplicationEvent(EnvironmentPostProcessorApplicationListener.java:94)
	at org.springframework.context.event.SimpleApplicationEventMulticaster.doInvokeListener(SimpleApplicationEventMulticaster.java:172)
	at org.springframework.context.event.SimpleApplicationEventMulticaster.invokeListener(SimpleApplicationEventMulticaster.java:165)
	at org.springframework.context.event.SimpleApplicationEventMulticaster.multicastEvent(SimpleApplicationEventMulticaster.java:143)
	at org.springframework.context.event.SimpleApplicationEventMulticaster.multicastEvent(SimpleApplicationEventMulticaster.java:131)
	at org.springframework.boot.context.event.EventPublishingRunListener.multicastInitialEvent(EventPublishingRunListener.java:136)
	at org.springframework.boot.context.event.EventPublishingRunListener.environmentPrepared(EventPublishingRunListener.java:81)
	at org.springframework.boot.SpringApplicationRunListeners.lambda$environmentPrepared$2(SpringApplicationRunListeners.java:64)
	at java.base/java.lang.Iterable.forEach(Iterable.java:75)
	at org.springframework.boot.SpringApplicationRunListeners.doWithListeners(SpringApplicationRunListeners.java:118)
	at org.springframework.boot.SpringApplicationRunListeners.doWithListeners(SpringApplicationRunListeners.java:112)
	at org.springframework.boot.SpringApplicationRunListeners.environmentPrepared(SpringApplicationRunListeners.java:63)
	at org.springframework.boot.SpringApplication.prepareEnvironment(SpringApplication.java:354)
	at org.springframework.boot.SpringApplication.run(SpringApplication.java:305)
	at org.springframework.boot.SpringApplication.run(SpringApplication.java:1304)
	at org.springframework.boot.SpringApplication.run(SpringApplication.java:1293)
	at com.microservices.demo.config.server.ConfigServer.main(ConfigServer.java:11)
Caused by: java.lang.IllegalArgumentException: Log types cannot be injected, please use DeferredLogFactory
	at org.springframework.boot.context.config.ConfigDataLocationResolvers.lambda$new$0(ConfigDataLocationResolvers.java:64)
	at org.springframework.core.io.support.SpringFactoriesLoader$ArgumentResolver.lambda$ofSupplied$3(SpringFactoriesLoader.java:586)
	at org.springframework.core.io.support.SpringFactoriesLoader$ArgumentResolver$1.resolve(SpringFactoriesLoader.java:602)
	at org.springframework.core.io.support.SpringFactoriesLoader$ArgumentResolver.lambda$and$0(SpringFactoriesLoader.java:552)
	at org.springframework.core.io.support.SpringFactoriesLoader$ArgumentResolver$1.resolve(SpringFactoriesLoader.java:602)
	at java.base/java.util.stream.ReferencePipeline$3$1.accept(ReferencePipeline.java:197)
	at java.base/java.util.Spliterators$ArraySpliterator.forEachRemaining(Spliterators.java:1006)
	at java.base/java.util.stream.AbstractPipeline.copyInto(AbstractPipeline.java:509)
	at java.base/java.util.stream.AbstractPipeline.wrapAndCopyInto(AbstractPipeline.java:499)
	at java.base/java.util.stream.AbstractPipeline.evaluate(AbstractPipeline.java:575)
	at java.base/java.util.stream.AbstractPipeline.evaluateToArrayNode(AbstractPipeline.java:260)
	at java.base/java.util.stream.ReferencePipeline.toArray(ReferencePipeline.java:616)
	at java.base/java.util.stream.ReferencePipeline.toArray(ReferencePipeline.java:622)
	at org.springframework.core.io.support.SpringFactoriesLoader$FactoryInstantiator.resolveArgs(SpringFactoriesLoader.java:388)
	at org.springframework.core.io.support.SpringFactoriesLoader$FactoryInstantiator.instantiate(SpringFactoriesLoader.java:378)
	at org.springframework.core.io.support.SpringFactoriesLoader.instantiateFactory(SpringFactoriesLoader.java:228)
	... 26 common frames omitted
2023-06-04 19:25:19 [main] ERROR o.s.boot.SpringApplication - Application run failed
java.lang.IllegalArgumentException: Unable to instantiate factory class [org.springframework.cloud.config.client.ConfigServerConfigDataLocationResolver] for factory type [org.springframework.boot.context.config.ConfigDataLocationResolver]
	at org.springframework.core.io.support.SpringFactoriesLoader$FailureHandler.lambda$throwing$0(SpringFactoriesLoader.java:651)
	at org.springframework.core.io.support.SpringFactoriesLoader$FailureHandler.lambda$handleMessage$3(SpringFactoriesLoader.java:675)
	at org.springframework.core.io.support.SpringFactoriesLoader.instantiateFactory(SpringFactoriesLoader.java:231)
	at org.springframework.core.io.support.SpringFactoriesLoader.load(SpringFactoriesLoader.java:206)
	at org.springframework.core.io.support.SpringFactoriesLoader.load(SpringFactoriesLoader.java:160)
	at org.springframework.boot.context.config.ConfigDataLocationResolvers.<init>(ConfigDataLocationResolvers.java:66)
	at org.springframework.boot.context.config.ConfigDataEnvironment.createConfigDataLocationResolvers(ConfigDataEnvironment.java:160)
	at org.springframework.boot.context.config.ConfigDataEnvironment.<init>(ConfigDataEnvironment.java:148)
	at org.springframework.boot.context.config.ConfigDataEnvironmentPostProcessor.getConfigDataEnvironment(ConfigDataEnvironmentPostProcessor.java:101)
	at org.springframework.boot.context.config.ConfigDataEnvironmentPostProcessor.postProcessEnvironment(ConfigDataEnvironmentPostProcessor.java:96)
	at org.springframework.boot.context.config.ConfigDataEnvironmentPostProcessor.postProcessEnvironment(ConfigDataEnvironmentPostProcessor.java:89)
	at org.springframework.boot.env.EnvironmentPostProcessorApplicationListener.onApplicationEnvironmentPreparedEvent(EnvironmentPostProcessorApplicationListener.java:109)
	at org.springframework.boot.env.EnvironmentPostProcessorApplicationListener.onApplicationEvent(EnvironmentPostProcessorApplicationListener.java:94)
	at org.springframework.context.event.SimpleApplicationEventMulticaster.doInvokeListener(SimpleApplicationEventMulticaster.java:172)
	at org.springframework.context.event.SimpleApplicationEventMulticaster.invokeListener(SimpleApplicationEventMulticaster.java:165)
	at org.springframework.context.event.SimpleApplicationEventMulticaster.multicastEvent(SimpleApplicationEventMulticaster.java:143)
	at org.springframework.context.event.SimpleApplicationEventMulticaster.multicastEvent(SimpleApplicationEventMulticaster.java:131)
	at org.springframework.boot.context.event.EventPublishingRunListener.multicastInitialEvent(EventPublishingRunListener.java:136)
	at org.springframework.boot.context.event.EventPublishingRunListener.environmentPrepared(EventPublishingRunListener.java:81)
	at org.springframework.boot.SpringApplicationRunListeners.lambda$environmentPrepared$2(SpringApplicationRunListeners.java:64)
	at java.base/java.lang.Iterable.forEach(Iterable.java:75)
	at org.springframework.boot.SpringApplicationRunListeners.doWithListeners(SpringApplicationRunListeners.java:118)
	at org.springframework.boot.SpringApplicationRunListeners.doWithListeners(SpringApplicationRunListeners.java:112)
	at org.springframework.boot.SpringApplicationRunListeners.environmentPrepared(SpringApplicationRunListeners.java:63)
	at org.springframework.boot.SpringApplication.prepareEnvironment(SpringApplication.java:354)
	at org.springframework.boot.SpringApplication.run(SpringApplication.java:305)
	at org.springframework.boot.builder.SpringApplicationBuilder.run(SpringApplicationBuilder.java:150)
	at org.springframework.cloud.bootstrap.BootstrapApplicationListener.bootstrapServiceContext(BootstrapApplicationListener.java:195)
	at org.springframework.cloud.bootstrap.BootstrapApplicationListener.onApplicationEvent(BootstrapApplicationListener.java:114)
	at org.springframework.cloud.bootstrap.BootstrapApplicationListener.onApplicationEvent(BootstrapApplicationListener.java:77)
	at org.springframework.context.event.SimpleApplicationEventMulticaster.doInvokeListener(SimpleApplicationEventMulticaster.java:172)
	at org.springframework.context.event.SimpleApplicationEventMulticaster.invokeListener(SimpleApplicationEventMulticaster.java:165)
	at org.springframework.context.event.SimpleApplicationEventMulticaster.multicastEvent(SimpleApplicationEventMulticaster.java:143)
	at org.springframework.context.event.SimpleApplicationEventMulticaster.multicastEvent(SimpleApplicationEventMulticaster.java:131)
	at org.springframework.boot.context.event.EventPublishingRunListener.multicastInitialEvent(EventPublishingRunListener.java:136)
	at org.springframework.boot.context.event.EventPublishingRunListener.environmentPrepared(EventPublishingRunListener.java:81)
	at org.springframework.boot.SpringApplicationRunListeners.lambda$environmentPrepared$2(SpringApplicationRunListeners.java:64)
	at java.base/java.lang.Iterable.forEach(Iterable.java:75)
	at org.springframework.boot.SpringApplicationRunListeners.doWithListeners(SpringApplicationRunListeners.java:118)
	at org.springframework.boot.SpringApplicationRunListeners.doWithListeners(SpringApplicationRunListeners.java:112)
	at org.springframework.boot.SpringApplicationRunListeners.environmentPrepared(SpringApplicationRunListeners.java:63)
	at org.springframework.boot.SpringApplication.prepareEnvironment(SpringApplication.java:354)
	at org.springframework.boot.SpringApplication.run(SpringApplication.java:305)
	at org.springframework.boot.SpringApplication.run(SpringApplication.java:1304)
	at org.springframework.boot.SpringApplication.run(SpringApplication.java:1293)
	at com.microservices.demo.config.server.ConfigServer.main(ConfigServer.java:11)
Caused by: java.lang.IllegalArgumentException: Log types cannot be injected, please use DeferredLogFactory
	at org.springframework.boot.context.config.ConfigDataLocationResolvers.lambda$new$0(ConfigDataLocationResolvers.java:64)
	at org.springframework.core.io.support.SpringFactoriesLoader$ArgumentResolver.lambda$ofSupplied$3(SpringFactoriesLoader.java:586)
	at org.springframework.core.io.support.SpringFactoriesLoader$ArgumentResolver$1.resolve(SpringFactoriesLoader.java:602)
	at org.springframework.core.io.support.SpringFactoriesLoader$ArgumentResolver.lambda$and$0(SpringFactoriesLoader.java:552)
	at org.springframework.core.io.support.SpringFactoriesLoader$ArgumentResolver$1.resolve(SpringFactoriesLoader.java:602)
	at java.base/java.util.stream.ReferencePipeline$3$1.accept(ReferencePipeline.java:197)
	at java.base/java.util.Spliterators$ArraySpliterator.forEachRemaining(Spliterators.java:1006)
	at java.base/java.util.stream.AbstractPipeline.copyInto(AbstractPipeline.java:509)
	at java.base/java.util.stream.AbstractPipeline.wrapAndCopyInto(AbstractPipeline.java:499)
	at java.base/java.util.stream.AbstractPipeline.evaluate(AbstractPipeline.java:575)
	at java.base/java.util.stream.AbstractPipeline.evaluateToArrayNode(AbstractPipeline.java:260)
	at java.base/java.util.stream.ReferencePipeline.toArray(ReferencePipeline.java:616)
	at java.base/java.util.stream.ReferencePipeline.toArray(ReferencePipeline.java:622)
	at org.springframework.core.io.support.SpringFactoriesLoader$FactoryInstantiator.resolveArgs(SpringFactoriesLoader.java:388)
	at org.springframework.core.io.support.SpringFactoriesLoader$FactoryInstantiator.instantiate(SpringFactoriesLoader.java:378)
	at org.springframework.core.io.support.SpringFactoriesLoader.instantiateFactory(SpringFactoriesLoader.java:228)
	... 43 common frames omitted
2023-06-04 19:26:31 [background-preinit] INFO  o.h.validator.internal.util.Version - HV000001: Hibernate Validator 8.0.0.Final
2023-06-04 19:26:32 [main] INFO  c.m.demo.config.server.ConfigServer - No active profile set, falling back to 1 default profile: "default"
2023-06-04 19:26:33 [main] INFO  o.s.cloud.context.scope.GenericScope - BeanFactory id=530f48b1-7a62-3b25-a8f4-8c01e0bde4d3
2023-06-04 19:26:33 [main] INFO  o.s.b.w.e.tomcat.TomcatWebServer - Tomcat initialized with port(s): 8888 (http)
2023-06-04 19:26:33 [main] INFO  o.a.coyote.http11.Http11NioProtocol - Initializing ProtocolHandler ["http-nio-8888"]
2023-06-04 19:26:33 [main] INFO  o.a.catalina.core.StandardService - Starting service [Tomcat]
2023-06-04 19:26:33 [main] INFO  o.a.catalina.core.StandardEngine - Starting Servlet engine: [Apache Tomcat/10.1.8]
2023-06-04 19:26:33 [main] INFO  o.a.c.c.C.[Tomcat].[localhost].[/] - Initializing Spring embedded WebApplicationContext
2023-06-04 19:26:33 [main] INFO  o.s.b.w.s.c.ServletWebServerApplicationContext - Root WebApplicationContext: initialization completed in 1247 ms
2023-06-04 19:26:35 [main] INFO  o.a.coyote.http11.Http11NioProtocol - Starting ProtocolHandler ["http-nio-8888"]
2023-06-04 19:26:35 [main] INFO  o.s.b.w.e.tomcat.TomcatWebServer - Tomcat started on port(s): 8888 (http) with context path ''
2023-06-04 19:26:35 [main] INFO  c.m.demo.config.server.ConfigServer - Started ConfigServer in 4.467 seconds (process running for 5.692)
2023-06-04 19:31:17 [http-nio-8888-exec-1] INFO  o.a.c.c.C.[Tomcat].[localhost].[/] - Initializing Spring DispatcherServlet 'dispatcherServlet'
2023-06-04 19:31:17 [http-nio-8888-exec-1] INFO  o.s.web.servlet.DispatcherServlet - Initializing Servlet 'dispatcherServlet'
2023-06-04 19:31:17 [http-nio-8888-exec-1] INFO  o.s.web.servlet.DispatcherServlet - Completed initialization in 16 ms
2023-06-04 19:31:17 [http-nio-8888-exec-1] INFO  o.s.c.c.s.e.NativeEnvironmentRepository - Adding property source: Config resource 'file [C:\Users\99890\AppData\Local\Temp\config-repo-719649843429882115\config-client.yml]' via location 'file:/C:/Users/99890/AppData/Local/Temp/config-repo-719649843429882115/'
2023-06-04 19:31:18 [http-nio-8888-exec-2] INFO  o.s.c.c.s.e.NativeEnvironmentRepository - Adding property source: Config resource 'file [C:\Users\99890\AppData\Local\Temp\config-repo-719649843429882115\config-client-twitter_to_kafka.yml]' via location 'file:/C:/Users/99890/AppData/Local/Temp/config-repo-719649843429882115/'
2023-06-04 19:31:18 [http-nio-8888-exec-2] INFO  o.s.c.c.s.e.NativeEnvironmentRepository - Adding property source: Config resource 'file [C:\Users\99890\AppData\Local\Temp\config-repo-719649843429882115\config-client.yml]' via location 'file:/C:/Users/99890/AppData/Local/Temp/config-repo-719649843429882115/'
2023-06-04 19:31:18 [http-nio-8888-exec-3] INFO  o.s.c.c.s.e.NativeEnvironmentRepository - Adding property source: Config resource 'file [C:\Users\99890\AppData\Local\Temp\config-repo-719649843429882115\config-client.yml]' via location 'file:/C:/Users/99890/AppData/Local/Temp/config-repo-719649843429882115/'
2023-06-04 19:32:59 [http-nio-8888-exec-4] INFO  o.s.c.c.s.e.NativeEnvironmentRepository - Adding property source: Config resource 'file [C:\Users\99890\AppData\Local\Temp\config-repo-719649843429882115\config-client.yml]' via location 'file:/C:/Users/99890/AppData/Local/Temp/config-repo-719649843429882115/'
2023-06-04 19:32:59 [http-nio-8888-exec-6] INFO  o.s.c.c.s.e.NativeEnvironmentRepository - Adding property source: Config resource 'file [C:\Users\99890\AppData\Local\Temp\config-repo-719649843429882115\config-client-twitter_to_kafka.yml]' via location 'file:/C:/Users/99890/AppData/Local/Temp/config-repo-719649843429882115/'
2023-06-04 19:32:59 [http-nio-8888-exec-6] INFO  o.s.c.c.s.e.NativeEnvironmentRepository - Adding property source: Config resource 'file [C:\Users\99890\AppData\Local\Temp\config-repo-719649843429882115\config-client.yml]' via location 'file:/C:/Users/99890/AppData/Local/Temp/config-repo-719649843429882115/'
2023-06-04 19:32:59 [http-nio-8888-exec-7] INFO  o.s.c.c.s.e.NativeEnvironmentRepository - Adding property source: Config resource 'file [C:\Users\99890\AppData\Local\Temp\config-repo-719649843429882115\config-client.yml]' via location 'file:/C:/Users/99890/AppData/Local/Temp/config-repo-719649843429882115/'
2023-06-04 19:34:44 [http-nio-8888-exec-9] INFO  o.s.c.c.s.e.NativeEnvironmentRepository - Adding property source: Config resource 'file [C:\Users\99890\AppData\Local\Temp\config-repo-719649843429882115\config-client.yml]' via location 'file:/C:/Users/99890/AppData/Local/Temp/config-repo-719649843429882115/'
2023-06-04 19:34:44 [http-nio-8888-exec-10] INFO  o.s.c.c.s.e.NativeEnvironmentRepository - Adding property source: Config resource 'file [C:\Users\99890\AppData\Local\Temp\config-repo-719649843429882115\config-client-twitter_to_kafka.yml]' via location 'file:/C:/Users/99890/AppData/Local/Temp/config-repo-719649843429882115/'
2023-06-04 19:34:44 [http-nio-8888-exec-10] INFO  o.s.c.c.s.e.NativeEnvironmentRepository - Adding property source: Config resource 'file [C:\Users\99890\AppData\Local\Temp\config-repo-719649843429882115\config-client.yml]' via location 'file:/C:/Users/99890/AppData/Local/Temp/config-repo-719649843429882115/'
2023-06-04 19:34:44 [http-nio-8888-exec-1] INFO  o.s.c.c.s.e.NativeEnvironmentRepository - Adding property source: Config resource 'file [C:\Users\99890\AppData\Local\Temp\config-repo-719649843429882115\config-client.yml]' via location 'file:/C:/Users/99890/AppData/Local/Temp/config-repo-719649843429882115/'
2023-06-04 19:35:00 [Thread-4] WARN  o.s.c.c.s.e.MultipleJGitEnvironmentRepository - Failed to delete temporary directory on exit: java.nio.file.AccessDeniedException: C:\Users\99890\AppData\Local\Temp\config-repo-719649843429882115\.git\objects\pack\pack-be54eefd2d79d02a37893b4f9ba2b0bca2f38f09.idx
2023-06-04 19:35:16 [background-preinit] INFO  o.h.validator.internal.util.Version - HV000001: Hibernate Validator 8.0.0.Final
2023-06-04 19:35:16 [main] INFO  c.m.demo.config.server.ConfigServer - No active profile set, falling back to 1 default profile: "default"
2023-06-04 19:35:17 [main] INFO  o.s.cloud.context.scope.GenericScope - BeanFactory id=530f48b1-7a62-3b25-a8f4-8c01e0bde4d3
2023-06-04 19:35:17 [main] INFO  o.s.b.w.e.tomcat.TomcatWebServer - Tomcat initialized with port(s): 8888 (http)
2023-06-04 19:35:17 [main] INFO  o.a.coyote.http11.Http11NioProtocol - Initializing ProtocolHandler ["http-nio-8888"]
2023-06-04 19:35:17 [main] INFO  o.a.catalina.core.StandardService - Starting service [Tomcat]
2023-06-04 19:35:17 [main] INFO  o.a.catalina.core.StandardEngine - Starting Servlet engine: [Apache Tomcat/10.1.8]
2023-06-04 19:35:17 [main] INFO  o.a.c.c.C.[Tomcat].[localhost].[/] - Initializing Spring embedded WebApplicationContext
2023-06-04 19:35:17 [main] INFO  o.s.b.w.s.c.ServletWebServerApplicationContext - Root WebApplicationContext: initialization completed in 1198 ms
2023-06-04 19:35:19 [main] INFO  o.a.coyote.http11.Http11NioProtocol - Starting ProtocolHandler ["http-nio-8888"]
2023-06-04 19:35:19 [main] INFO  o.s.b.w.e.tomcat.TomcatWebServer - Tomcat started on port(s): 8888 (http) with context path ''
2023-06-04 19:35:19 [main] INFO  c.m.demo.config.server.ConfigServer - Started ConfigServer in 4.199 seconds (process running for 7.127)
2023-06-04 19:35:30 [http-nio-8888-exec-1] INFO  o.a.c.c.C.[Tomcat].[localhost].[/] - Initializing Spring DispatcherServlet 'dispatcherServlet'
2023-06-04 19:35:30 [http-nio-8888-exec-1] INFO  o.s.web.servlet.DispatcherServlet - Initializing Servlet 'dispatcherServlet'
2023-06-04 19:35:30 [http-nio-8888-exec-1] INFO  o.s.web.servlet.DispatcherServlet - Completed initialization in 1 ms
2023-06-04 19:35:30 [http-nio-8888-exec-1] INFO  o.s.c.c.s.e.NativeEnvironmentRepository - Adding property source: Config resource 'file [C:\Users\99890\AppData\Local\Temp\config-repo-10308546676942360836\config-client.yml]' via location 'file:/C:/Users/99890/AppData/Local/Temp/config-repo-10308546676942360836/'
2023-06-04 19:35:30 [http-nio-8888-exec-6] INFO  o.s.c.c.s.e.NativeEnvironmentRepository - Adding property source: Config resource 'file [C:\Users\99890\AppData\Local\Temp\config-repo-10308546676942360836\config-client-twitter_to_kafka.yml]' via location 'file:/C:/Users/99890/AppData/Local/Temp/config-repo-10308546676942360836/'
2023-06-04 19:35:30 [http-nio-8888-exec-6] INFO  o.s.c.c.s.e.NativeEnvironmentRepository - Adding property source: Config resource 'file [C:\Users\99890\AppData\Local\Temp\config-repo-10308546676942360836\config-client.yml]' via location 'file:/C:/Users/99890/AppData/Local/Temp/config-repo-10308546676942360836/'
2023-06-04 19:35:30 [http-nio-8888-exec-3] INFO  o.s.c.c.s.e.NativeEnvironmentRepository - Adding property source: Config resource 'file [C:\Users\99890\AppData\Local\Temp\config-repo-10308546676942360836\config-client.yml]' via location 'file:/C:/Users/99890/AppData/Local/Temp/config-repo-10308546676942360836/'
2023-06-04 19:35:44 [Thread-4] WARN  o.s.c.c.s.e.MultipleJGitEnvironmentRepository - Failed to delete temporary directory on exit: java.nio.file.AccessDeniedException: C:\Users\99890\AppData\Local\Temp\config-repo-10308546676942360836\.git\objects\pack\pack-be54eefd2d79d02a37893b4f9ba2b0bca2f38f09.idx
2023-06-04 19:38:12 [background-preinit] INFO  o.h.validator.internal.util.Version - HV000001: Hibernate Validator 8.0.0.Final
2023-06-04 19:38:12 [main] INFO  c.m.demo.config.server.ConfigServer - Starting ConfigServer using Java 19.0.2 with PID 12436 (C:\Users\99890\Desktop\microservices-demo\config-server\target\classes started by 99890 in C:\Users\99890\Desktop\microservices-demo)
2023-06-04 19:38:12 [main] INFO  c.m.demo.config.server.ConfigServer - No active profile set, falling back to 1 default profile: "default"
2023-06-04 19:38:13 [main] INFO  o.s.cloud.context.scope.GenericScope - BeanFactory id=71ab9644-789b-396a-9179-546a833b6df0
2023-06-04 19:38:13 [main] INFO  o.s.b.w.e.tomcat.TomcatWebServer - Tomcat initialized with port(s): 8888 (http)
2023-06-04 19:38:13 [main] INFO  o.a.coyote.http11.Http11NioProtocol - Initializing ProtocolHandler ["http-nio-8888"]
2023-06-04 19:38:13 [main] INFO  o.a.catalina.core.StandardService - Starting service [Tomcat]
2023-06-04 19:38:13 [main] INFO  o.a.catalina.core.StandardEngine - Starting Servlet engine: [Apache Tomcat/10.1.8]
2023-06-04 19:38:13 [main] INFO  o.a.c.c.C.[Tomcat].[localhost].[/] - Initializing Spring embedded WebApplicationContext
2023-06-04 19:38:13 [main] INFO  o.s.b.w.s.c.ServletWebServerApplicationContext - Root WebApplicationContext: initialization completed in 1203 ms
2023-06-04 19:38:14 [main] WARN  o.s.b.w.s.c.AnnotationConfigServletWebServerApplicationContext - Exception encountered during context initialization - cancelling refresh attempt: org.springframework.beans.factory.BeanCreationException: Error creating bean with name 'defaultEnvironmentRepository' defined in class path resource [org/springframework/cloud/config/server/config/DefaultRepositoryConfiguration.class]: You need to configure a uri for the git repository.
2023-06-04 19:38:14 [main] INFO  o.a.catalina.core.StandardService - Stopping service [Tomcat]
2023-06-04 19:38:14 [main] INFO  o.s.b.a.l.ConditionEvaluationReportLogger - 

Error starting ApplicationContext. To display the condition evaluation report re-run your application with 'debug' enabled.
2023-06-04 19:38:14 [main] ERROR o.s.b.d.LoggingFailureAnalysisReporter - 

***************************
APPLICATION FAILED TO START
***************************

Description:

Invalid config server configuration.

Action:

If you are using the git profile, you need to set a Git URI in your configuration.  If you have set spring.cloud.config.server.bootstrap=true, you need to use a composite configuration.

2023-06-04 19:38:35 [background-preinit] INFO  o.h.validator.internal.util.Version - HV000001: Hibernate Validator 8.0.0.Final
2023-06-04 19:38:35 [main] INFO  c.m.demo.config.server.ConfigServer - No active profile set, falling back to 1 default profile: "default"
2023-06-04 19:38:36 [main] INFO  o.s.cloud.context.scope.GenericScope - BeanFactory id=530f48b1-7a62-3b25-a8f4-8c01e0bde4d3
2023-06-04 19:38:36 [main] INFO  o.s.b.w.e.tomcat.TomcatWebServer - Tomcat initialized with port(s): 8888 (http)
2023-06-04 19:38:36 [main] INFO  o.a.coyote.http11.Http11NioProtocol - Initializing ProtocolHandler ["http-nio-8888"]
2023-06-04 19:38:36 [main] INFO  o.a.catalina.core.StandardService - Starting service [Tomcat]
2023-06-04 19:38:36 [main] INFO  o.a.catalina.core.StandardEngine - Starting Servlet engine: [Apache Tomcat/10.1.8]
2023-06-04 19:38:36 [main] INFO  o.a.c.c.C.[Tomcat].[localhost].[/] - Initializing Spring embedded WebApplicationContext
2023-06-04 19:38:36 [main] INFO  o.s.b.w.s.c.ServletWebServerApplicationContext - Root WebApplicationContext: initialization completed in 1045 ms
2023-06-04 19:38:38 [main] INFO  o.a.coyote.http11.Http11NioProtocol - Starting ProtocolHandler ["http-nio-8888"]
2023-06-04 19:38:38 [main] INFO  o.s.b.w.e.tomcat.TomcatWebServer - Tomcat started on port(s): 8888 (http) with context path ''
2023-06-04 19:38:38 [main] INFO  c.m.demo.config.server.ConfigServer - Started ConfigServer in 3.866 seconds (process running for 4.977)
2023-06-04 19:38:46 [http-nio-8888-exec-1] INFO  o.a.c.c.C.[Tomcat].[localhost].[/] - Initializing Spring DispatcherServlet 'dispatcherServlet'
2023-06-04 19:38:46 [http-nio-8888-exec-1] INFO  o.s.web.servlet.DispatcherServlet - Initializing Servlet 'dispatcherServlet'
2023-06-04 19:38:46 [http-nio-8888-exec-1] INFO  o.s.web.servlet.DispatcherServlet - Completed initialization in 2 ms
2023-06-04 19:38:46 [http-nio-8888-exec-1] INFO  o.s.c.c.s.e.NativeEnvironmentRepository - Adding property source: Config resource 'file [C:\Users\99890\AppData\Local\Temp\config-repo-17935978499763148121\config-client.yml]' via location 'file:/C:/Users/99890/AppData/Local/Temp/config-repo-17935978499763148121/'
2023-06-04 19:38:46 [http-nio-8888-exec-3] INFO  o.s.c.c.s.e.NativeEnvironmentRepository - Adding property source: Config resource 'file [C:\Users\99890\AppData\Local\Temp\config-repo-17935978499763148121\config-client-twitter_to_kafka.yml]' via location 'file:/C:/Users/99890/AppData/Local/Temp/config-repo-17935978499763148121/'
2023-06-04 19:38:46 [http-nio-8888-exec-3] INFO  o.s.c.c.s.e.NativeEnvironmentRepository - Adding property source: Config resource 'file [C:\Users\99890\AppData\Local\Temp\config-repo-17935978499763148121\config-client.yml]' via location 'file:/C:/Users/99890/AppData/Local/Temp/config-repo-17935978499763148121/'
2023-06-04 19:38:46 [http-nio-8888-exec-2] INFO  o.s.c.c.s.e.NativeEnvironmentRepository - Adding property source: Config resource 'file [C:\Users\99890\AppData\Local\Temp\config-repo-17935978499763148121\config-client.yml]' via location 'file:/C:/Users/99890/AppData/Local/Temp/config-repo-17935978499763148121/'
2023-06-04 19:45:41 [Thread-4] WARN  o.s.c.c.s.e.MultipleJGitEnvironmentRepository - Failed to delete temporary directory on exit: java.nio.file.AccessDeniedException: C:\Users\99890\AppData\Local\Temp\config-repo-17935978499763148121\.git\objects\pack\pack-be54eefd2d79d02a37893b4f9ba2b0bca2f38f09.idx
2023-06-04 19:45:52 [background-preinit] INFO  o.h.validator.internal.util.Version - HV000001: Hibernate Validator 8.0.0.Final
2023-06-04 19:45:52 [main] INFO  c.m.demo.config.server.ConfigServer - No active profile set, falling back to 1 default profile: "default"
2023-06-04 19:45:53 [main] INFO  o.s.cloud.context.scope.GenericScope - BeanFactory id=530f48b1-7a62-3b25-a8f4-8c01e0bde4d3
2023-06-04 19:45:53 [main] INFO  o.s.b.w.e.tomcat.TomcatWebServer - Tomcat initialized with port(s): 8888 (http)
2023-06-04 19:45:53 [main] INFO  o.a.coyote.http11.Http11NioProtocol - Initializing ProtocolHandler ["http-nio-8888"]
2023-06-04 19:45:53 [main] INFO  o.a.catalina.core.StandardService - Starting service [Tomcat]
2023-06-04 19:45:53 [main] INFO  o.a.catalina.core.StandardEngine - Starting Servlet engine: [Apache Tomcat/10.1.8]
2023-06-04 19:45:53 [main] INFO  o.a.c.c.C.[Tomcat].[localhost].[/] - Initializing Spring embedded WebApplicationContext
2023-06-04 19:45:53 [main] INFO  o.s.b.w.s.c.ServletWebServerApplicationContext - Root WebApplicationContext: initialization completed in 1011 ms
2023-06-04 19:45:55 [main] INFO  o.a.coyote.http11.Http11NioProtocol - Starting ProtocolHandler ["http-nio-8888"]
2023-06-04 19:45:55 [main] INFO  o.s.b.w.e.tomcat.TomcatWebServer - Tomcat started on port(s): 8888 (http) with context path ''
2023-06-04 19:45:55 [main] INFO  c.m.demo.config.server.ConfigServer - Started ConfigServer in 4.01 seconds (process running for 5.835)
2023-06-04 19:46:00 [http-nio-8888-exec-1] INFO  o.a.c.c.C.[Tomcat].[localhost].[/] - Initializing Spring DispatcherServlet 'dispatcherServlet'
2023-06-04 19:46:00 [http-nio-8888-exec-1] INFO  o.s.web.servlet.DispatcherServlet - Initializing Servlet 'dispatcherServlet'
2023-06-04 19:46:00 [http-nio-8888-exec-1] INFO  o.s.web.servlet.DispatcherServlet - Completed initialization in 1 ms
2023-06-04 19:46:00 [http-nio-8888-exec-1] INFO  o.s.c.c.s.e.NativeEnvironmentRepository - Adding property source: Config resource 'file [C:\Users\99890\AppData\Local\Temp\config-repo-3057257054015631058\config-client.yml]' via location 'file:/C:/Users/99890/AppData/Local/Temp/config-repo-3057257054015631058/'
2023-06-04 19:46:01 [http-nio-8888-exec-3] INFO  o.s.c.c.s.e.NativeEnvironmentRepository - Adding property source: Config resource 'file [C:\Users\99890\AppData\Local\Temp\config-repo-3057257054015631058\config-client-twitter_to_kafka.yml]' via location 'file:/C:/Users/99890/AppData/Local/Temp/config-repo-3057257054015631058/'
2023-06-04 19:46:01 [http-nio-8888-exec-3] INFO  o.s.c.c.s.e.NativeEnvironmentRepository - Adding property source: Config resource 'file [C:\Users\99890\AppData\Local\Temp\config-repo-3057257054015631058\config-client.yml]' via location 'file:/C:/Users/99890/AppData/Local/Temp/config-repo-3057257054015631058/'
2023-06-04 19:46:01 [http-nio-8888-exec-4] INFO  o.s.c.c.s.e.NativeEnvironmentRepository - Adding property source: Config resource 'file [C:\Users\99890\AppData\Local\Temp\config-repo-3057257054015631058\config-client.yml]' via location 'file:/C:/Users/99890/AppData/Local/Temp/config-repo-3057257054015631058/'
2023-06-04 19:46:54 [Thread-4] WARN  o.s.c.c.s.e.MultipleJGitEnvironmentRepository - Failed to delete temporary directory on exit: java.nio.file.AccessDeniedException: C:\Users\99890\AppData\Local\Temp\config-repo-3057257054015631058\.git\objects\pack\pack-be54eefd2d79d02a37893b4f9ba2b0bca2f38f09.idx
2023-06-04 19:55:40 [background-preinit] INFO  o.h.validator.internal.util.Version - HV000001: Hibernate Validator 8.0.0.Final
2023-06-04 19:55:41 [main] INFO  c.m.demo.config.server.ConfigServer - No active profile set, falling back to 1 default profile: "default"
2023-06-04 19:55:42 [main] INFO  o.s.cloud.context.scope.GenericScope - BeanFactory id=530f48b1-7a62-3b25-a8f4-8c01e0bde4d3
2023-06-04 19:55:42 [main] INFO  o.s.b.w.e.tomcat.TomcatWebServer - Tomcat initialized with port(s): 8888 (http)
2023-06-04 19:55:42 [main] INFO  o.a.coyote.http11.Http11NioProtocol - Initializing ProtocolHandler ["http-nio-8888"]
2023-06-04 19:55:42 [main] INFO  o.a.catalina.core.StandardService - Starting service [Tomcat]
2023-06-04 19:55:42 [main] INFO  o.a.catalina.core.StandardEngine - Starting Servlet engine: [Apache Tomcat/10.1.8]
2023-06-04 19:55:42 [main] INFO  o.a.c.c.C.[Tomcat].[localhost].[/] - Initializing Spring embedded WebApplicationContext
2023-06-04 19:55:42 [main] INFO  o.s.b.w.s.c.ServletWebServerApplicationContext - Root WebApplicationContext: initialization completed in 1663 ms
2023-06-04 19:55:45 [main] INFO  o.a.coyote.http11.Http11NioProtocol - Starting ProtocolHandler ["http-nio-8888"]
2023-06-04 19:55:45 [main] INFO  o.s.b.w.e.tomcat.TomcatWebServer - Tomcat started on port(s): 8888 (http) with context path ''
2023-06-04 19:55:45 [main] INFO  c.m.demo.config.server.ConfigServer - Started ConfigServer in 5.715 seconds (process running for 9.046)
2023-06-04 19:55:51 [http-nio-8888-exec-2] INFO  o.a.c.c.C.[Tomcat].[localhost].[/] - Initializing Spring DispatcherServlet 'dispatcherServlet'
2023-06-04 19:55:51 [http-nio-8888-exec-2] INFO  o.s.web.servlet.DispatcherServlet - Initializing Servlet 'dispatcherServlet'
2023-06-04 19:55:51 [http-nio-8888-exec-2] INFO  o.s.web.servlet.DispatcherServlet - Completed initialization in 2 ms
2023-06-04 19:55:51 [http-nio-8888-exec-2] INFO  o.s.c.c.s.e.NativeEnvironmentRepository - Adding property source: Config resource 'file [C:\Users\99890\AppData\Local\Temp\config-repo-2451944120905423458\config-client.yml]' via location 'file:/C:/Users/99890/AppData/Local/Temp/config-repo-2451944120905423458/'
2023-06-04 19:55:51 [http-nio-8888-exec-1] INFO  o.s.c.c.s.e.NativeEnvironmentRepository - Adding property source: Config resource 'file [C:\Users\99890\AppData\Local\Temp\config-repo-2451944120905423458\config-client-twitter_to_kafka.yml]' via location 'file:/C:/Users/99890/AppData/Local/Temp/config-repo-2451944120905423458/'
2023-06-04 19:55:51 [http-nio-8888-exec-1] INFO  o.s.c.c.s.e.NativeEnvironmentRepository - Adding property source: Config resource 'file [C:\Users\99890\AppData\Local\Temp\config-repo-2451944120905423458\config-client.yml]' via location 'file:/C:/Users/99890/AppData/Local/Temp/config-repo-2451944120905423458/'
2023-06-04 19:55:51 [http-nio-8888-exec-3] INFO  o.s.c.c.s.e.NativeEnvironmentRepository - Adding property source: Config resource 'file [C:\Users\99890\AppData\Local\Temp\config-repo-2451944120905423458\config-client.yml]' via location 'file:/C:/Users/99890/AppData/Local/Temp/config-repo-2451944120905423458/'
